REST API listening on 3002
Not registered!
POST request on /user/login!
POST request on /user/login!
POST request on /user/login!
POST request on /user/login!
Invalid Token!
GET request on /user/info!
Invalid Token!
GET request on /user/info!
POST request on /user/login!
Invalid Token!
GET request on /user/info!
Invalid Token!
GET request on /user/info!
Invalid Token!
GET request on /user/info!
Invalid Token!
GET request on /user/info!
Not registered!
POST request on /user/login!
Invalid Token!
GET request on /user/info!
Invalid Token!
GET request on /user/info!
Not registered!
POST request on /user/login!
Invalid password!
POST request on /user/login!
POST request on /user/login!
Invalid Token!
GET request on /user/info!
Invalid Token!
GET request on /user/info!
POST request on /user/login!
Invalid Token!
GET request on /user/info!
Invalid Token!
GET request on /user/info!
Invalid Token!
GET request on /user/info!
Invalid Token!
GET request on /user/info!
POST request on /user/login!
GET request on /user/info!
GET request on /user/info!
GET request on /user/info!
GET request on /user/info!
GET request on /user/info!
GET request on /user/info!
GET request on /user/info!
GET request on /user/info!
GET request on /user/info!
GET request on /user/info!
GET request on /user/info!
GET request on /user/info!
GET request on /user/info!
GET request on /user/info!
GET request on /user/info!
GET request on /user/info!
GET request on /user/info!
GET request on /user/info!
POST request on /user/login!
POST request on /user/login!
POST request on /user/login!
GET request on /user/info!
GET request on /user/info!
POST request on /user/login!
POST request on /user/login!
GET request on /user/info!
GET request on /user/info!
